Using pre-set license
Built from '2020.3/staging' branch; Version is '2020.3.14f1 (d0d1bb862f9d) revision 13685179'; Using compiler version '192528614'; Build Type 'Release'
OS: 'Windows 10 Education; OS build 19042.1237; Version 2009; 64bit' Language: 'en' Physical Memory: 16180 MB
BatchMode: 1, IsHumanControllingUs: 0, StartBugReporterOnCrash: 0, Is64bit: 1, IsPro: 0

 COMMAND LINE ARGUMENTS:
C:\Program Files\Unity\Editor\Unity.exe
-adb2
-batchMode
-noUpm
-name
AssetImportWorker0
-projectPath
C:/Users/W0453327/Desktop/CastleTime!
-logFile
Logs/AssetImportWorker0.log
-srvPort
52249
Successfully changed project path to: C:/Users/W0453327/Desktop/CastleTime!
C:/Users/W0453327/Desktop/CastleTime!
Using Asset Import Pipeline V2.
Refreshing native plugins compatible for Editor in 25.55 ms, found 2 plugins.
Preloading 0 native plugins for Editor in 0.00 ms.
Initialize engine version: 2020.3.14f1 (d0d1bb862f9d)
[Subsystems] Discovering subsystems at path C:/Program Files/Unity/Editor/Data/Resources/UnitySubsystems
[Subsystems] Discovering subsystems at path C:/Users/W0453327/Desktop/CastleTime!/Assets
GfxDevice: creating device client; threaded=0
Direct3D:
    Version:  Direct3D 11.0 [level 11.0]
    Renderer: NVIDIA Quadro K2200 (ID=0x13ba)
    Vendor:   
    VRAM:     4053 MB
    Driver:   27.21.14.6192
Initialize mono
Mono path[0] = 'C:/Program Files/Unity/Editor/Data/Managed'
Mono path[1] = 'C:/Program Files/Unity/Editor/Data/MonoBleedingEdge/lib/mono/unityjit'
Mono config path = 'C:/Program Files/Unity/Editor/Data/MonoBleedingEdge/etc'
Using monoOptions --debugger-agent=transport=dt_socket,embedding=1,server=y,suspend=n,address=127.0.0.1:56972
Begin MonoManager ReloadAssembly
Registering precompiled unity dll's ...
Register platform support module: C:/Program Files/Unity/Editor/Data/PlaybackEngines/WindowsStandaloneSupport/UnityEditor.WindowsStandalone.Extensions.dll
Registered in 0.001522 seconds.
Native extension for WindowsStandalone target not found
Refreshing native plugins compatible for Editor in 26.10 ms, found 2 plugins.
Preloading 0 native plugins for Editor in 0.00 ms.
Mono: successfully reloaded assembly
- Completed reload, in  0.923 seconds
Domain Reload Profiling:
	ReloadAssembly (923ms)
		BeginReloadAssembly (53ms)
			ExecutionOrderSort (0ms)
			DisableScriptedObjects (0ms)
			BackupInstance (0ms)
			ReleaseScriptingObjects (0ms)
			CreateAndSetChildDomain (1ms)
		EndReloadAssembly (394ms)
			LoadAssemblies (51ms)
			RebuildTransferFunctionScriptingTraits (0ms)
			SetupTypeCache (144ms)
			ReleaseScriptCaches (0ms)
			RebuildScriptCaches (32ms)
			SetupLoadedEditorAssemblies (151ms)
				LogAssemblyErrors (0ms)
				InitializePlatformSupportModulesInManaged (4ms)
				SetLoadedEditorAssemblies (0ms)
				RefreshPlugins (26ms)
				BeforeProcessingInitializeOnLoad (14ms)
				ProcessInitializeOnLoadAttributes (80ms)
				ProcessInitializeOnLoadMethodAttributes (27ms)
				AfterProcessingInitializeOnLoad (0ms)
				EditorAssembliesLoaded (0ms)
			ExecutionOrderSort2 (0ms)
			AwakeInstancesAfterBackupRestoration (0ms)
Platform modules already initialized, skipping
Registering precompiled user dll's ...
Registered in 0.003567 seconds.
Begin MonoManager ReloadAssembly
Native extension for WindowsStandalone target not found
Refreshing native plugins compatible for Editor in 0.29 ms, found 2 plugins.
Preloading 0 native plugins for Editor in 0.00 ms.
Mono: successfully reloaded assembly
- Completed reload, in  0.958 seconds
Domain Reload Profiling:
	ReloadAssembly (958ms)
		BeginReloadAssembly (137ms)
			ExecutionOrderSort (0ms)
			DisableScriptedObjects (4ms)
			BackupInstance (0ms)
			ReleaseScriptingObjects (0ms)
			CreateAndSetChildDomain (17ms)
		EndReloadAssembly (766ms)
			LoadAssemblies (77ms)
			RebuildTransferFunctionScriptingTraits (0ms)
			SetupTypeCache (256ms)
			ReleaseScriptCaches (0ms)
			RebuildScriptCaches (43ms)
			SetupLoadedEditorAssemblies (295ms)
				LogAssemblyErrors (0ms)
				InitializePlatformSupportModulesInManaged (5ms)
				SetLoadedEditorAssemblies (0ms)
				RefreshPlugins (0ms)
				BeforeProcessingInitializeOnLoad (84ms)
				ProcessInitializeOnLoadAttributes (196ms)
				ProcessInitializeOnLoadMethodAttributes (4ms)
				AfterProcessingInitializeOnLoad (5ms)
				EditorAssembliesLoaded (0ms)
			ExecutionOrderSort2 (0ms)
			AwakeInstancesAfterBackupRestoration (6ms)
Platform modules already initialized, skipping
========================================================================
Worker process is ready to serve import requests
Launched and connected shader compiler UnityShaderCompiler.exe after 0.04 seconds
Refreshing native plugins compatible for Editor in 0.31 ms, found 2 plugins.
Preloading 0 native plugins for Editor in 0.00 ms.
Unloading 1390 Unused Serialized files (Serialized files now loaded: 0)
System memory in use before: 64.8 MB.
System memory in use after: 64.8 MB.

Unloading 19 unused Assets to reduce memory usage. Loaded Objects now: 1823.
Total: 2.185100 ms (FindLiveObjects: 0.143500 ms CreateObjectMapping: 0.043000 ms MarkObjects: 1.919400 ms  DeleteObjects: 0.078300 ms)

AssetImportParameters requested are different than current active one (requested -> active):
  custom:framework-win-MediaFoundation: 216162199b28c13a410421893ffa2e32 -> 
  custom:video-decoder-ogg-theora: a1e56fd34408186e4bbccfd4996cb3dc -> 
  custom:container-muxer-webm: aa71ff27fc2769a1b78a27578f13a17b -> 
  custom:container-demuxer-webm: 4f35f7cbe854078d1ac9338744f61a02 -> 
  custom:container-demuxer-ogg: 62fdf1f143b41e24485cea50d1cbac27 -> 
  custom:video-encoder-webm-vp8: eb34c28f22e8b96e1ab97ce403110664 -> 
  custom:video-decoder-webm-vp8: 9c59270c3fd7afecdb556c50c9e8de78 -> 
  custom:audio-decoder-ogg-vorbis: bf7c407c2cedff20999df2af8eb42d56 -> 
  custom:audio-encoder-webm-vorbis: bf7c407c2cedff20999df2af8eb42d56 -> 
========================================================================
Received Import Request.
  path: Assets
  artifactKey: Guid(00000000000000001000000000000000) Importer(815301076,1909f56bfc062723c751e8b465ee728b)
Start importing Assets using Guid(00000000000000001000000000000000) Importer(815301076,1909f56bfc062723c751e8b465ee728b)  -> (artifact id: '42d402b061de3733987d63b9cc3b64de') in 0.008217 seconds 
  Import took 0.010447 seconds .

========================================================================
Received Import Request.
  Time since last request: 8.279113 seconds.
  path: Assets/Materials
  artifactKey: Guid(51aba4947b866ff439520efb17fb8458) Importer(815301076,1909f56bfc062723c751e8b465ee728b)
Start importing Assets/Materials using Guid(51aba4947b866ff439520efb17fb8458) Importer(815301076,1909f56bfc062723c751e8b465ee728b)  -> (artifact id: 'cd57ae5fc248098e881b2b03c32589e9') in 0.006404 seconds 
  Import took 0.008517 seconds .

========================================================================
Received Import Request.
  Time since last request: 10.314072 seconds.
  path: Assets/Prefabs
  artifactKey: Guid(8b33a393810b99243968af5470fedfca) Importer(815301076,1909f56bfc062723c751e8b465ee728b)
Start importing Assets/Prefabs using Guid(8b33a393810b99243968af5470fedfca) Importer(815301076,1909f56bfc062723c751e8b465ee728b)  -> (artifact id: '428b9e05d846aadeaa23cca315939865') in 0.008897 seconds 
  Import took 0.011347 seconds .

========================================================================
Received Import Request.
  Time since last request: 17.862040 seconds.
  path: Assets/Materials/Grass.mat
  artifactKey: Guid(8a95c9f05c0e31f45bcb80200685f20f) Importer(815301076,1909f56bfc062723c751e8b465ee728b)
Start importing Assets/Materials/Grass.mat using Guid(8a95c9f05c0e31f45bcb80200685f20f) Importer(815301076,1909f56bfc062723c751e8b465ee728b)  -> (artifact id: 'e4d86de3c795aa16309e00f4fbed9dc5') in 0.103731 seconds 
  Import took 0.105982 seconds .

========================================================================
Received Import Request.
  Time since last request: 3905.041098 seconds.
  path: Assets/Materials/Grass.mat
  artifactKey: Guid(8a95c9f05c0e31f45bcb80200685f20f) Importer(815301076,1909f56bfc062723c751e8b465ee728b)
Start importing Assets/Materials/Grass.mat using Guid(8a95c9f05c0e31f45bcb80200685f20f) Importer(815301076,1909f56bfc062723c751e8b465ee728b)  -> (artifact id: '0f55c88a53295a66fb7fabee31c89a89') in 0.022050 seconds 
  Import took 0.024815 seconds .

========================================================================
Received Import Request.
  Time since last request: 609.353927 seconds.
  path: Assets/Materials/Stone.mat
  artifactKey: Guid(72785e0a8bc75cd4ba1118486cbfc4fa) Importer(815301076,1909f56bfc062723c751e8b465ee728b)
Start importing Assets/Materials/Stone.mat using Guid(72785e0a8bc75cd4ba1118486cbfc4fa) Importer(815301076,1909f56bfc062723c751e8b465ee728b)  -> (artifact id: '3099efbb2181a787e60f9b6b3af4681a') in 0.013759 seconds 
  Import took 0.016937 seconds .

========================================================================
Received Import Request.
  Time since last request: 271.103567 seconds.
  path: Assets/Materials/Rope.mat
  artifactKey: Guid(8638d5be6e16df9499c6abdb3f6f6eda) Importer(815301076,1909f56bfc062723c751e8b465ee728b)
Start importing Assets/Materials/Rope.mat using Guid(8638d5be6e16df9499c6abdb3f6f6eda) Importer(815301076,1909f56bfc062723c751e8b465ee728b)  -> (artifact id: '9dc571ec1bf7019190ea03eeb29d0a6e') in 0.015304 seconds 
  Import took 0.018822 seconds .

========================================================================
Received Import Request.
  Time since last request: 21.430593 seconds.
  path: Assets/Materials/Wood.mat
  artifactKey: Guid(e2aae113602f9f24db4d42e904cc21ea) Importer(815301076,1909f56bfc062723c751e8b465ee728b)
Start importing Assets/Materials/Wood.mat using Guid(e2aae113602f9f24db4d42e904cc21ea) Importer(815301076,1909f56bfc062723c751e8b465ee728b)  -> (artifact id: '32474d18a053d5ab1e9dc0bfbbf4e726') in 0.010781 seconds 
  Import took 0.013008 seconds .

========================================================================
Received Import Request.
  Time since last request: 31.222422 seconds.
  path: Assets/Materials/New Material.mat
  artifactKey: Guid(5800fb70bd7f51b4e838fa6e4d5b370e) Importer(815301076,1909f56bfc062723c751e8b465ee728b)
Start importing Assets/Materials/New Material.mat using Guid(5800fb70bd7f51b4e838fa6e4d5b370e) Importer(815301076,1909f56bfc062723c751e8b465ee728b)  -> (artifact id: 'ff7c8ea94b29d06a16ae5b44d9029673') in 0.011891 seconds 
  Import took 0.014989 seconds .

========================================================================
Received Import Request.
  Time since last request: 30.418502 seconds.
  path: Assets/Materials/Metal.mat
  artifactKey: Guid(5800fb70bd7f51b4e838fa6e4d5b370e) Importer(815301076,1909f56bfc062723c751e8b465ee728b)
Start importing Assets/Materials/Metal.mat using Guid(5800fb70bd7f51b4e838fa6e4d5b370e) Importer(815301076,1909f56bfc062723c751e8b465ee728b)  -> (artifact id: 'f5cc99fc6bee6a9c3978c759310d57bf') in 0.012793 seconds 
  Import took 0.015396 seconds .

========================================================================
Received Import Request.
  Time since last request: 51.359942 seconds.
  path: Assets/Materials/New Material.mat
  artifactKey: Guid(d7e873f879fea9e4680678cab8c50629) Importer(815301076,1909f56bfc062723c751e8b465ee728b)
Start importing Assets/Materials/New Material.mat using Guid(d7e873f879fea9e4680678cab8c50629) Importer(815301076,1909f56bfc062723c751e8b465ee728b)  -> (artifact id: 'cbaf20b1b84f1bc689a6c67ca11e81f0') in 0.010946 seconds 
  Import took 0.013671 seconds .

========================================================================
Received Import Request.
  Time since last request: 98.856804 seconds.
  path: Assets/Materials/New Material 1.mat
  artifactKey: Guid(4c65478453e13014dab57abe2c22b97f) Importer(815301076,1909f56bfc062723c751e8b465ee728b)
Start importing Assets/Materials/New Material 1.mat using Guid(4c65478453e13014dab57abe2c22b97f) Importer(815301076,1909f56bfc062723c751e8b465ee728b)  -> (artifact id: 'fdfc929293b39c493451b1f7122c8a6f') in 0.015503 seconds 
  Import took 0.018166 seconds .

========================================================================
Received Import Request.
  Time since last request: 118.214172 seconds.
  path: Assets/Materials/Metal.mat
  artifactKey: Guid(5800fb70bd7f51b4e838fa6e4d5b370e) Importer(815301076,1909f56bfc062723c751e8b465ee728b)
Start importing Assets/Materials/Metal.mat using Guid(5800fb70bd7f51b4e838fa6e4d5b370e) Importer(815301076,1909f56bfc062723c751e8b465ee728b)  -> (artifact id: 'b287a5db4f6421b7eefc4ac190feccd8') in 0.010936 seconds 
  Import took 0.013370 seconds .

========================================================================
Received Import Request.
  Time since last request: 0.000290 seconds.
  path: Assets/Materials/New Material.mat
  artifactKey: Guid(d7e873f879fea9e4680678cab8c50629) Importer(815301076,1909f56bfc062723c751e8b465ee728b)
Start importing Assets/Materials/New Material.mat using Guid(d7e873f879fea9e4680678cab8c50629) Importer(815301076,1909f56bfc062723c751e8b465ee728b)  -> (artifact id: '590fcd2de80d6e13e607634546c06f03') in 0.010458 seconds 
  Import took 0.012757 seconds .

========================================================================
Received Import Request.
  Time since last request: 0.000280 seconds.
  path: Assets/Materials/New Material 1.mat
  artifactKey: Guid(4c65478453e13014dab57abe2c22b97f) Importer(815301076,1909f56bfc062723c751e8b465ee728b)
Start importing Assets/Materials/New Material 1.mat using Guid(4c65478453e13014dab57abe2c22b97f) Importer(815301076,1909f56bfc062723c751e8b465ee728b)  -> (artifact id: '35c53f98223aa4e8efd38356da37a11a') in 0.021617 seconds 
  Import took 0.024051 seconds .

========================================================================
Received Import Request.
  Time since last request: 0.000269 seconds.
  path: Assets/Materials/Wood.mat
  artifactKey: Guid(e2aae113602f9f24db4d42e904cc21ea) Importer(815301076,1909f56bfc062723c751e8b465ee728b)
Start importing Assets/Materials/Wood.mat using Guid(e2aae113602f9f24db4d42e904cc21ea) Importer(815301076,1909f56bfc062723c751e8b465ee728b)  -> (artifact id: '0aa518ce9b717e297d018ea713370fd6') in 0.010387 seconds 
  Import took 0.012746 seconds .

========================================================================
Received Import Request.
  Time since last request: 0.000278 seconds.
  path: Assets/Materials/Rope.mat
  artifactKey: Guid(8638d5be6e16df9499c6abdb3f6f6eda) Importer(815301076,1909f56bfc062723c751e8b465ee728b)
Start importing Assets/Materials/Rope.mat using Guid(8638d5be6e16df9499c6abdb3f6f6eda) Importer(815301076,1909f56bfc062723c751e8b465ee728b)  -> (artifact id: 'd5d5f71121af467cce967f19cab10bc8') in 0.009957 seconds 
  Import took 0.012410 seconds .

========================================================================
Received Import Request.
  Time since last request: 0.000257 seconds.
  path: Assets/Materials/Stone.mat
  artifactKey: Guid(72785e0a8bc75cd4ba1118486cbfc4fa) Importer(815301076,1909f56bfc062723c751e8b465ee728b)
Start importing Assets/Materials/Stone.mat using Guid(72785e0a8bc75cd4ba1118486cbfc4fa) Importer(815301076,1909f56bfc062723c751e8b465ee728b)  -> (artifact id: 'c369af00fa4724fec8388679f7e7d222') in 0.009668 seconds 
  Import took 0.012070 seconds .

========================================================================
Received Prepare
Registering precompiled user dll's ...
Registered in 0.003814 seconds.
Begin MonoManager ReloadAssembly
Native extension for WindowsStandalone target not found
Refreshing native plugins compatible for Editor in 0.38 ms, found 2 plugins.
Preloading 0 native plugins for Editor in 0.00 ms.
Mono: successfully reloaded assembly
- Completed reload, in  1.250 seconds
Domain Reload Profiling:
	ReloadAssembly (1250ms)
		BeginReloadAssembly (136ms)
			ExecutionOrderSort (0ms)
			DisableScriptedObjects (4ms)
			BackupInstance (0ms)
			ReleaseScriptingObjects (0ms)
			CreateAndSetChildDomain (39ms)
		EndReloadAssembly (1023ms)
			LoadAssemblies (111ms)
			RebuildTransferFunctionScriptingTraits (0ms)
			SetupTypeCache (299ms)
			ReleaseScriptCaches (1ms)
			RebuildScriptCaches (40ms)
			SetupLoadedEditorAssemblies (484ms)
				LogAssemblyErrors (0ms)
				InitializePlatformSupportModulesInManaged (5ms)
				SetLoadedEditorAssemblies (1ms)
				RefreshPlugins (0ms)
				BeforeProcessingInitializeOnLoad (89ms)
				ProcessInitializeOnLoadAttributes (369ms)
				ProcessInitializeOnLoadMethodAttributes (11ms)
				AfterProcessingInitializeOnLoad (7ms)
				EditorAssembliesLoaded (1ms)
			ExecutionOrderSort2 (0ms)
			AwakeInstancesAfterBackupRestoration (10ms)
Platform modules already initialized, skipping
Refreshing native plugins compatible for Editor in 0.32 ms, found 2 plugins.
Preloading 0 native plugins for Editor in 0.00 ms.
Unloading 1385 Unused Serialized files (Serialized files now loaded: 0)
System memory in use before: 68.1 MB.
System memory in use after: 68.2 MB.

Unloading 14 unused Assets to reduce memory usage. Loaded Objects now: 1866.
Total: 2.105700 ms (FindLiveObjects: 0.153000 ms CreateObjectMapping: 0.053700 ms MarkObjects: 1.841200 ms  DeleteObjects: 0.056400 ms)

AssetImportParameters requested are different than current active one (requested -> active):
  custom:framework-win-MediaFoundation: 216162199b28c13a410421893ffa2e32 -> 
  custom:video-decoder-ogg-theora: a1e56fd34408186e4bbccfd4996cb3dc -> 
  custom:container-muxer-webm: aa71ff27fc2769a1b78a27578f13a17b -> 
  custom:container-demuxer-webm: 4f35f7cbe854078d1ac9338744f61a02 -> 
  custom:container-demuxer-ogg: 62fdf1f143b41e24485cea50d1cbac27 -> 
  custom:video-encoder-webm-vp8: eb34c28f22e8b96e1ab97ce403110664 -> 
  custom:video-decoder-webm-vp8: 9c59270c3fd7afecdb556c50c9e8de78 -> 
  custom:audio-decoder-ogg-vorbis: bf7c407c2cedff20999df2af8eb42d56 -> 
  custom:audio-encoder-webm-vorbis: bf7c407c2cedff20999df2af8eb42d56 -> 
AssetImportWorkerClient::OnTransportError - code=2 error=End of file
